<?xml version="1.0" encoding="UTF-8"?>
<coverage generated="1783952514414" clover="3.2.0">
  <project timestamp="1783952514414" name="All files">
    <metrics statements="31" coveredstatements="31" conditionals="14" coveredconditionals="14" methods="3" coveredmethods="3" elements="48" coveredelements="48" complexity="0" loc="31" ncloc="31" packages="1" files="1" classes="1"/>
    <file name="accounting.ts" path="C:\Users\Tiger\Agents\Projects\kal-kala\web\src\utils\accounting.ts">
      <metrics statements="31" coveredstatements="31" conditionals="14" coveredconditionals="14" methods="3" coveredmethods="3"/>
      <line num="18" count="3" type="stmt"/>
      <line num="19" count="3" type="stmt"/>
      <line num="20" count="3" type="stmt"/>
      <line num="22" count="3" type="cond" truecount="2" falsecount="0"/>
      <line num="23" count="3" type="stmt"/>
      <line num="24" count="3" type="cond" truecount="2" falsecount="0"/>
      <line num="28" count="3" type="stmt"/>
      <line num="29" count="3" type="stmt"/>
      <line num="31" count="3" type="stmt"/>
      <line num="32" count="15" type="stmt"/>
      <line num="33" count="15" type="cond" truecount="2" falsecount="0"/>
      <line num="35" count="15" type="stmt"/>
      <line num="43" count="15" type="stmt"/>
      <line num="46" count="3" type="stmt"/>
      <line num="59" count="2" type="stmt"/>
      <line num="60" count="2" type="stmt"/>
      <line num="61" count="2" type="stmt"/>
      <line num="63" count="2" type="stmt"/>
      <line num="64" count="2" type="stmt"/>
      <line num="66" count="2" type="stmt"/>
      <line num="67" count="5" type="stmt"/>
      <line num="68" count="5" type="stmt"/>
      <line num="71" count="5" type="stmt"/>
      <line num="74" count="5" type="cond" truecount="2" falsecount="0"/>
      <line num="77" count="5" type="stmt"/>
      <line num="78" count="5" type="cond" truecount="2" falsecount="0"/>
      <line num="79" count="5" type="cond" truecount="2" falsecount="0"/>
      <line num="83" count="5" type="stmt"/>
      <line num="91" count="5" type="stmt"/>
      <line num="94" count="2" type="stmt"/>
      <line num="105" count="2" type="stmt"/>
    </file>
  </project>
</coverage>
