{"C:\\Users\\Tiger\\Agents\\Projects\\kal-kala\\web\\src\\utils\\accounting.ts": {"path":"C:\\Users\\Tiger\\Agents\\Projects\\kal-kala\\web\\src\\utils\\accounting.ts","statementMap":{"0":{"start":{"line":18,"column":15},"end":{"line":18,"column":null}},"1":{"start":{"line":19,"column":21},"end":{"line":19,"column":null}},"2":{"start":{"line":20,"column":16},"end":{"line":20,"column":null}},"3":{"start":{"line":22,"column":22},"end":{"line":22,"column":null}},"4":{"start":{"line":23,"column":23},"end":{"line":23,"column":null}},"5":{"start":{"line":24,"column":24},"end":{"line":26,"column":null}},"6":{"start":{"line":28,"column":39},"end":{"line":28,"column":null}},"7":{"start":{"line":29,"column":25},"end":{"line":29,"column":null}},"8":{"start":{"line":31,"column":2},"end":{"line":44,"column":null}},"9":{"start":{"line":31,"column":15},"end":{"line":31,"column":18}},"10":{"start":{"line":32,"column":20},"end":{"line":32,"column":null}},"11":{"start":{"line":33,"column":20},"end":{"line":33,"column":null}},"12":{"start":{"line":35,"column":4},"end":{"line":41,"column":null}},"13":{"start":{"line":43,"column":4},"end":{"line":43,"column":null}},"14":{"start":{"line":46,"column":2},"end":{"line":46,"column":null}},"15":{"start":{"line":59,"column":21},"end":{"line":59,"column":null}},"16":{"start":{"line":60,"column":23},"end":{"line":60,"column":null}},"17":{"start":{"line":61,"column":18},"end":{"line":61,"column":null}},"18":{"start":{"line":63,"column":39},"end":{"line":63,"column":null}},"19":{"start":{"line":64,"column":25},"end":{"line":64,"column":null}},"20":{"start":{"line":66,"column":2},"end":{"line":92,"column":null}},"21":{"start":{"line":66,"column":15},"end":{"line":66,"column":18}},"22":{"start":{"line":67,"column":20},"end":{"line":67,"column":null}},"23":{"start":{"line":68,"column":20},"end":{"line":68,"column":null}},"24":{"start":{"line":71,"column":18},"end":{"line":71,"column":null}},"25":{"start":{"line":74,"column":20},"end":{"line":74,"column":null}},"26":{"start":{"line":77,"column":24},"end":{"line":77,"column":null}},"27":{"start":{"line":78,"column":25},"end":{"line":78,"column":null}},"28":{"start":{"line":79,"column":28},"end":{"line":81,"column":null}},"29":{"start":{"line":83,"column":4},"end":{"line":89,"column":null}},"30":{"start":{"line":91,"column":4},"end":{"line":91,"column":null}},"31":{"start":{"line":94,"column":2},"end":{"line":94,"column":null}},"32":{"start":{"line":105,"column":2},"end":{"line":105,"column":null}}},"fnMap":{"0":{"name":"calculateStraightLineBond","decl":{"start":{"line":12,"column":16},"end":{"line":12,"column":null}},"loc":{"start":{"line":17,"column":25},"end":{"line":47,"column":null}},"line":17},"1":{"name":"calculateEffectiveInterestBond","decl":{"start":{"line":52,"column":16},"end":{"line":52,"column":null}},"loc":{"start":{"line":58,"column":25},"end":{"line":95,"column":null}},"line":58},"2":{"name":"calculateAccruedInterest","decl":{"start":{"line":100,"column":16},"end":{"line":100,"column":null}},"loc":{"start":{"line":104,"column":10},"end":{"line":106,"column":null}},"line":104}},"branchMap":{"0":{"loc":{"start":{"line":22,"column":22},"end":{"line":22,"column":null}},"type":"cond-expr","locations":[{"start":{"line":22,"column":30},"end":{"line":22,"column":34}},{"start":{"line":22,"column":34},"end":{"line":22,"column":null}}],"line":22},"1":{"loc":{"start":{"line":24,"column":24},"end":{"line":26,"column":null}},"type":"cond-expr","locations":[{"start":{"line":25,"column":6},"end":{"line":25,"column":null}},{"start":{"line":26,"column":6},"end":{"line":26,"column":null}}],"line":24},"2":{"loc":{"start":{"line":33,"column":20},"end":{"line":33,"column":null}},"type":"cond-expr","locations":[{"start":{"line":33,"column":33},"end":{"line":33,"column":57}},{"start":{"line":33,"column":57},"end":{"line":33,"column":null}}],"line":33},"3":{"loc":{"start":{"line":74,"column":20},"end":{"line":74,"column":null}},"type":"cond-expr","locations":[{"start":{"line":74,"column":33},"end":{"line":74,"column":51}},{"start":{"line":74,"column":51},"end":{"line":74,"column":null}}],"line":74},"4":{"loc":{"start":{"line":78,"column":25},"end":{"line":78,"column":null}},"type":"cond-expr","locations":[{"start":{"line":78,"column":39},"end":{"line":78,"column":50}},{"start":{"line":78,"column":50},"end":{"line":78,"column":null}}],"line":78},"5":{"loc":{"start":{"line":79,"column":28},"end":{"line":81,"column":null}},"type":"cond-expr","locations":[{"start":{"line":80,"column":9},"end":{"line":80,"column":null}},{"start":{"line":81,"column":8},"end":{"line":81,"column":null}}],"line":79},"6":{"loc":{"start":{"line":80,"column":9},"end":{"line":80,"column":null}},"type":"cond-expr","locations":[{"start":{"line":80,"column":23},"end":{"line":80,"column":60}},{"start":{"line":80,"column":60},"end":{"line":80,"column":null}}],"line":80}},"s":{"0":3,"1":3,"2":3,"3":3,"4":3,"5":3,"6":3,"7":3,"8":3,"9":3,"10":15,"11":15,"12":15,"13":15,"14":3,"15":2,"16":2,"17":2,"18":2,"19":2,"20":2,"21":2,"22":5,"23":5,"24":5,"25":5,"26":5,"27":5,"28":5,"29":5,"30":5,"31":2,"32":2},"f":{"0":3,"1":2,"2":2},"b":{"0":[1,2],"1":[1,2],"2":[5,10],"3":[3,2],"4":[2,3],"5":[2,3],"6":[1,1]},"meta":{"lastBranch":7,"lastFunction":3,"lastStatement":33,"seen":{"f:12:16:12:Infinity":0,"s:18:15:18:Infinity":0,"s:19:21:19:Infinity":1,"s:20:16:20:Infinity":2,"s:22:22:22:Infinity":3,"b:22:30:22:34:22:34:22:Infinity":0,"s:23:23:23:Infinity":4,"s:24:24:26:Infinity":5,"b:25:6:25:Infinity:26:6:26:Infinity":1,"s:28:39:28:Infinity":6,"s:29:25:29:Infinity":7,"s:31:2:44:Infinity":8,"s:31:15:31:18":9,"s:32:20:32:Infinity":10,"s:33:20:33:Infinity":11,"b:33:33:33:57:33:57:33:Infinity":2,"s:35:4:41:Infinity":12,"s:43:4:43:Infinity":13,"s:46:2:46:Infinity":14,"f:52:16:52:Infinity":1,"s:59:21:59:Infinity":15,"s:60:23:60:Infinity":16,"s:61:18:61:Infinity":17,"s:63:39:63:Infinity":18,"s:64:25:64:Infinity":19,"s:66:2:92:Infinity":20,"s:66:15:66:18":21,"s:67:20:67:Infinity":22,"s:68:20:68:Infinity":23,"s:71:18:71:Infinity":24,"s:74:20:74:Infinity":25,"b:74:33:74:51:74:51:74:Infinity":3,"s:77:24:77:Infinity":26,"s:78:25:78:Infinity":27,"b:78:39:78:50:78:50:78:Infinity":4,"s:79:28:81:Infinity":28,"b:80:9:80:Infinity:81:8:81:Infinity":5,"b:80:23:80:60:80:60:80:Infinity":6,"s:83:4:89:Infinity":29,"s:91:4:91:Infinity":30,"s:94:2:94:Infinity":31,"f:100:16:100:Infinity":2,"s:105:2:105:Infinity":32},"fnNames":{}}}
}
